d:\учеба\algorithms\home_work2\home_work2\debug\vc142.pdb
d:\учеба\algorithms\home_work2\home_work2\debug\vc142.idb
d:\учеба\algorithms\home_work2\home_work2\debug\main.obj
d:\учеба\algorithms\home_work2\debug\home_work2.pdb
d:\учеба\algorithms\home_work2\home_work2\debug\home_work2.tlog\cl.command.1.tlog
d:\учеба\algorithms\home_work2\home_work2\debug\home_work2.tlog\cl.read.1.tlog
d:\учеба\algorithms\home_work2\home_work2\debug\home_work2.tlog\cl.write.1.tlog
d:\учеба\algorithms\home_work2\home_work2\debug\home_work2.tlog\link-cvtres.read.1.tlog
d:\учеба\algorithms\home_work2\home_work2\debug\home_work2.tlog\link-cvtres.write.1.tlog
d:\учеба\algorithms\home_work2\home_work2\debug\home_work2.tlog\link-rc.read.1.tlog
d:\учеба\algorithms\home_work2\home_work2\debug\home_work2.tlog\link-rc.write.1.tlog
d:\учеба\algorithms\home_work2\home_work2\debug\home_work2.tlog\link.3280-cvtres.read.1.tlog
d:\учеба\algorithms\home_work2\home_work2\debug\home_work2.tlog\link.3280-cvtres.write.1.tlog
d:\учеба\algorithms\home_work2\home_work2\debug\home_work2.tlog\link.3280-rc.read.1.tlog
d:\учеба\algorithms\home_work2\home_work2\debug\home_work2.tlog\link.3280-rc.write.1.tlog
d:\учеба\algorithms\home_work2\home_work2\debug\home_work2.tlog\link.3280.read.1.tlog
d:\учеба\algorithms\home_work2\home_work2\debug\home_work2.tlog\link.3280.write.1.tlog
d:\учеба\algorithms\home_work2\home_work2\debug\home_work2.tlog\link.command.1.tlog
d:\учеба\algorithms\home_work2\home_work2\debug\home_work2.tlog\link.read.1.tlog
d:\учеба\algorithms\home_work2\home_work2\debug\home_work2.tlog\link.write.1.tlog
